[ 2016-06-02T00:06:25+08:00 ] 192.168.31.164 /Home/Index/showRoom?location=Nokia%20No.3%203F
INFO: [ app_init ] --START--
INFO: Run Behavior\BuildLiteBehavior [ RunTime:0.000013s ]
INFO: [ app_init ] --END-- [ RunTime:0.000610s ]
INFO: [ app_begin ] --START--
INFO: Run Behavior\ReadHtmlCacheBehavior [ RunTime:0.000857s ]
INFO: [ app_begin ] --END-- [ RunTime:0.000920s ]
SQL: SHOW COLUMNS FROM `room` [ RunTime:0.0016s ]
SQL: SELECT * FROM `room` WHERE `room_location` = 'Nokia No.3 3F'  [ RunTime:0.0003s ]
INFO: [ app_end ] --START--
INFO: Run Behavior\ShowPageTraceBehavior [ RunTime:0.006212s ]
INFO: [ app_end ] --END-- [ RunTime:0.006266s ]

[ 2016-06-02T00:06:25+08:00 ] 192.168.31.164 /Home/Index/showReservation?date=2016-06-02
INFO: [ app_init ] --START--
INFO: Run Behavior\BuildLiteBehavior [ RunTime:0.000008s ]
INFO: [ app_init ] --END-- [ RunTime:0.000204s ]
INFO: [ app_begin ] --START--
INFO: Run Behavior\ReadHtmlCacheBehavior [ RunTime:0.000254s ]
INFO: [ app_begin ] --END-- [ RunTime:0.000284s ]
SQL: SHOW COLUMNS FROM `reservation` [ RunTime:0.0013s ]
SQL: SELECT * FROM `reservation` INNER JOIN room ON room.room_no = reservation.room_no  WHERE `meeting_date` = '2016-06-02'  [ RunTime:0.0004s ]
INFO: [ app_end ] --START--
INFO: Run Behavior\ShowPageTraceBehavior [ RunTime:0.000381s ]
INFO: [ app_end ] --END-- [ RunTime:0.000422s ]

[ 2016-06-02T00:06:25+08:00 ] 192.168.31.164 /Home/Index/showReservation?date=2016-06-02
INFO: [ app_init ] --START--
INFO: Run Behavior\BuildLiteBehavior [ RunTime:0.000009s ]
INFO: [ app_init ] --END-- [ RunTime:0.000203s ]
INFO: [ app_begin ] --START--
INFO: Run Behavior\ReadHtmlCacheBehavior [ RunTime:0.000252s ]
INFO: [ app_begin ] --END-- [ RunTime:0.000283s ]
SQL: SHOW COLUMNS FROM `reservation` [ RunTime:0.0012s ]
SQL: SELECT * FROM `reservation` INNER JOIN room ON room.room_no = reservation.room_no  WHERE `meeting_date` = '2016-06-02'  [ RunTime:0.0003s ]
INFO: [ app_end ] --START--
INFO: Run Behavior\ShowPageTraceBehavior [ RunTime:0.000326s ]
INFO: [ app_end ] --END-- [ RunTime:0.000358s ]

[ 2016-06-02T00:06:25+08:00 ] 192.168.31.164 /Home/Index/showReservation?date=2016-06-02
INFO: [ app_init ] --START--
INFO: Run Behavior\BuildLiteBehavior [ RunTime:0.000009s ]
INFO: [ app_init ] --END-- [ RunTime:0.000204s ]
INFO: [ app_begin ] --START--
INFO: Run Behavior\ReadHtmlCacheBehavior [ RunTime:0.000254s ]
INFO: [ app_begin ] --END-- [ RunTime:0.000284s ]
SQL: SHOW COLUMNS FROM `reservation` [ RunTime:0.0015s ]
SQL: SELECT * FROM `reservation` INNER JOIN room ON room.room_no = reservation.room_no  WHERE `meeting_date` = '2016-06-02'  [ RunTime:0.0003s ]
INFO: [ app_end ] --START--
INFO: Run Behavior\ShowPageTraceBehavior [ RunTime:0.000444s ]
INFO: [ app_end ] --END-- [ RunTime:0.000514s ]

[ 2016-06-02T00:07:04+08:00 ] 192.168.31.164 /Home/Index/showRoom?location=Nokia%20No.3%203F
INFO: [ app_init ] --START--
INFO: Run Behavior\BuildLiteBehavior [ RunTime:0.000009s ]
INFO: [ app_init ] --END-- [ RunTime:0.000314s ]
INFO: [ app_begin ] --START--
INFO: Run Behavior\ReadHtmlCacheBehavior [ RunTime:0.000420s ]
INFO: [ app_begin ] --END-- [ RunTime:0.000460s ]
SQL: SHOW COLUMNS FROM `room` [ RunTime:0.0010s ]
SQL: SELECT * FROM `room` WHERE `room_location` = 'Nokia No.3 3F'  [ RunTime:0.0003s ]
INFO: [ app_end ] --START--
INFO: Run Behavior\ShowPageTraceBehavior [ RunTime:0.000529s ]
INFO: [ app_end ] --END-- [ RunTime:0.000572s ]

[ 2016-06-02T00:07:04+08:00 ] 192.168.31.164 /Home/Index/showReservation?date=2016-06-02
INFO: [ app_init ] --START--
INFO: Run Behavior\BuildLiteBehavior [ RunTime:0.000009s ]
INFO: [ app_init ] --END-- [ RunTime:0.000261s ]
INFO: [ app_begin ] --START--
INFO: Run Behavior\ReadHtmlCacheBehavior [ RunTime:0.000255s ]
INFO: [ app_begin ] --END-- [ RunTime:0.000286s ]
SQL: SHOW COLUMNS FROM `reservation` [ RunTime:0.0012s ]
SQL: SELECT * FROM `reservation` INNER JOIN room ON room.room_no = reservation.room_no  WHERE `meeting_date` = '2016-06-02'  [ RunTime:0.0003s ]
INFO: [ app_end ] --START--
INFO: Run Behavior\ShowPageTraceBehavior [ RunTime:0.000424s ]
INFO: [ app_end ] --END-- [ RunTime:0.000467s ]

[ 2016-06-02T00:07:04+08:00 ] 192.168.31.164 /Home/Index/showReservation?date=2016-06-02
INFO: [ app_init ] --START--
INFO: Run Behavior\BuildLiteBehavior [ RunTime:0.000009s ]
INFO: [ app_init ] --END-- [ RunTime:0.000203s ]
INFO: [ app_begin ] --START--
INFO: Run Behavior\ReadHtmlCacheBehavior [ RunTime:0.000255s ]
INFO: [ app_begin ] --END-- [ RunTime:0.000285s ]
SQL: SHOW COLUMNS FROM `reservation` [ RunTime:0.0011s ]
SQL: SELECT * FROM `reservation` INNER JOIN room ON room.room_no = reservation.room_no  WHERE `meeting_date` = '2016-06-02'  [ RunTime:0.0003s ]
INFO: [ app_end ] --START--
INFO: Run Behavior\ShowPageTraceBehavior [ RunTime:0.000321s ]
INFO: [ app_end ] --END-- [ RunTime:0.000352s ]

[ 2016-06-02T00:07:04+08:00 ] 192.168.31.164 /Home/Index/showReservation?date=2016-06-02
INFO: [ app_init ] --START--
INFO: Run Behavior\BuildLiteBehavior [ RunTime:0.000008s ]
INFO: [ app_init ] --END-- [ RunTime:0.000198s ]
INFO: [ app_begin ] --START--
INFO: Run Behavior\ReadHtmlCacheBehavior [ RunTime:0.000256s ]
INFO: [ app_begin ] --END-- [ RunTime:0.000287s ]
SQL: SHOW COLUMNS FROM `reservation` [ RunTime:0.0016s ]
SQL: SELECT * FROM `reservation` INNER JOIN room ON room.room_no = reservation.room_no  WHERE `meeting_date` = '2016-06-02'  [ RunTime:0.0004s ]
INFO: [ app_end ] --START--
INFO: Run Behavior\ShowPageTraceBehavior [ RunTime:0.000318s ]
INFO: [ app_end ] --END-- [ RunTime:0.000349s ]

[ 2016-06-02T00:21:54+08:00 ] 192.168.31.164 /Home/Index/showRoom?location=Nokia%20No.3%203F
INFO: [ app_init ] --START--
INFO: Run Behavior\BuildLiteBehavior [ RunTime:0.000014s ]
INFO: [ app_init ] --END-- [ RunTime:0.000679s ]
INFO: [ app_begin ] --START--
INFO: Run Behavior\ReadHtmlCacheBehavior [ RunTime:0.000769s ]
INFO: [ app_begin ] --END-- [ RunTime:0.000833s ]
SQL: SHOW COLUMNS FROM `room` [ RunTime:0.0018s ]
SQL: SELECT * FROM `room` WHERE `room_location` = 'Nokia No.3 3F'  [ RunTime:0.0002s ]
INFO: [ app_end ] --START--
INFO: Run Behavior\ShowPageTraceBehavior [ RunTime:0.007104s ]
INFO: [ app_end ] --END-- [ RunTime:0.007180s ]

[ 2016-06-02T00:21:55+08:00 ] 192.168.31.164 /Home/Index/showReservation?date=2016-06-02
INFO: [ app_init ] --START--
INFO: Run Behavior\BuildLiteBehavior [ RunTime:0.000009s ]
INFO: [ app_init ] --END-- [ RunTime:0.000203s ]
INFO: [ app_begin ] --START--
INFO: Run Behavior\ReadHtmlCacheBehavior [ RunTime:0.000258s ]
INFO: [ app_begin ] --END-- [ RunTime:0.000288s ]
SQL: SHOW COLUMNS FROM `reservation` [ RunTime:0.0010s ]
SQL: SELECT * FROM `reservation` INNER JOIN room ON room.room_no = reservation.room_no  WHERE `meeting_date` = '2016-06-02'  [ RunTime:0.0004s ]
INFO: [ app_end ] --START--
INFO: Run Behavior\ShowPageTraceBehavior [ RunTime:0.000379s ]
INFO: [ app_end ] --END-- [ RunTime:0.000419s ]

[ 2016-06-02T00:21:55+08:00 ] 192.168.31.164 /Home/Index/showReservation?date=2016-06-02
INFO: [ app_init ] --START--
INFO: Run Behavior\BuildLiteBehavior [ RunTime:0.000009s ]
INFO: [ app_init ] --END-- [ RunTime:0.000205s ]
INFO: [ app_begin ] --START--
INFO: Run Behavior\ReadHtmlCacheBehavior [ RunTime:0.000262s ]
INFO: [ app_begin ] --END-- [ RunTime:0.000293s ]
SQL: SHOW COLUMNS FROM `reservation` [ RunTime:0.0014s ]
SQL: SELECT * FROM `reservation` INNER JOIN room ON room.room_no = reservation.room_no  WHERE `meeting_date` = '2016-06-02'  [ RunTime:0.0003s ]
INFO: [ app_end ] --START--
INFO: Run Behavior\ShowPageTraceBehavior [ RunTime:0.000327s ]
INFO: [ app_end ] --END-- [ RunTime:0.000358s ]

[ 2016-06-02T00:21:55+08:00 ] 192.168.31.164 /Home/Index/showReservation?date=2016-06-02
INFO: [ app_init ] --START--
INFO: Run Behavior\BuildLiteBehavior [ RunTime:0.000009s ]
INFO: [ app_init ] --END-- [ RunTime:0.000204s ]
INFO: [ app_begin ] --START--
INFO: Run Behavior\ReadHtmlCacheBehavior [ RunTime:0.000256s ]
INFO: [ app_begin ] --END-- [ RunTime:0.000287s ]
SQL: SHOW COLUMNS FROM `reservation` [ RunTime:0.0011s ]
SQL: SELECT * FROM `reservation` INNER JOIN room ON room.room_no = reservation.room_no  WHERE `meeting_date` = '2016-06-02'  [ RunTime:0.0003s ]
INFO: [ app_end ] --START--
INFO: Run Behavior\ShowPageTraceBehavior [ RunTime:0.000324s ]
INFO: [ app_end ] --END-- [ RunTime:0.000358s ]

[ 2016-06-02T00:22:01+08:00 ] 192.168.31.164 /Home/Index/showReservation?date=2016-06-02
INFO: [ app_init ] --START--
INFO: Run Behavior\BuildLiteBehavior [ RunTime:0.000009s ]
INFO: [ app_init ] --END-- [ RunTime:0.000321s ]
INFO: [ app_begin ] --START--
INFO: Run Behavior\ReadHtmlCacheBehavior [ RunTime:0.000353s ]
INFO: [ app_begin ] --END-- [ RunTime:0.000388s ]
SQL: SHOW COLUMNS FROM `reservation` [ RunTime:0.0104s ]
SQL: SELECT * FROM `reservation` INNER JOIN room ON room.room_no = reservation.room_no  WHERE `meeting_date` = '2016-06-02'  [ RunTime:0.0009s ]
INFO: [ app_end ] --START--
INFO: Run Behavior\ShowPageTraceBehavior [ RunTime:0.000669s ]
INFO: [ app_end ] --END-- [ RunTime:0.000721s ]

[ 2016-06-02T00:22:02+08:00 ] 192.168.31.164 /Home/Index/showReservation?date=2016-06-02
INFO: [ app_init ] --START--
INFO: Run Behavior\BuildLiteBehavior [ RunTime:0.000009s ]
INFO: [ app_init ] --END-- [ RunTime:0.000281s ]
INFO: [ app_begin ] --START--
INFO: Run Behavior\ReadHtmlCacheBehavior [ RunTime:0.000271s ]
INFO: [ app_begin ] --END-- [ RunTime:0.000303s ]
SQL: SHOW COLUMNS FROM `reservation` [ RunTime:0.0093s ]
SQL: SELECT * FROM `reservation` INNER JOIN room ON room.room_no = reservation.room_no  WHERE `meeting_date` = '2016-06-02'  [ RunTime:0.0004s ]
INFO: [ app_end ] --START--
INFO: Run Behavior\ShowPageTraceBehavior [ RunTime:0.000708s ]
INFO: [ app_end ] --END-- [ RunTime:0.000762s ]

[ 2016-06-02T00:22:03+08:00 ] 192.168.31.164 /Home/Index/showReservation?date=2016-06-02
INFO: [ app_init ] --START--
INFO: Run Behavior\BuildLiteBehavior [ RunTime:0.000009s ]
INFO: [ app_init ] --END-- [ RunTime:0.000206s ]
INFO: [ app_begin ] --START--
INFO: Run Behavior\ReadHtmlCacheBehavior [ RunTime:0.000348s ]
INFO: [ app_begin ] --END-- [ RunTime:0.000380s ]
SQL: SHOW COLUMNS FROM `reservation` [ RunTime:0.0094s ]
SQL: SELECT * FROM `reservation` INNER JOIN room ON room.room_no = reservation.room_no  WHERE `meeting_date` = '2016-06-02'  [ RunTime:0.0005s ]
INFO: [ app_end ] --START--
INFO: Run Behavior\ShowPageTraceBehavior [ RunTime:0.000466s ]
INFO: [ app_end ] --END-- [ RunTime:0.000507s ]

[ 2016-06-02T00:22:05+08:00 ] 192.168.31.164 /Home/Index/showReservation?date=2016-06-02
INFO: [ app_init ] --START--
INFO: Run Behavior\BuildLiteBehavior [ RunTime:0.000009s ]
INFO: [ app_init ] --END-- [ RunTime:0.000214s ]
INFO: [ app_begin ] --START--
INFO: Run Behavior\ReadHtmlCacheBehavior [ RunTime:0.000257s ]
INFO: [ app_begin ] --END-- [ RunTime:0.000299s ]
SQL: SHOW COLUMNS FROM `reservation` [ RunTime:0.0097s ]
SQL: SELECT * FROM `reservation` INNER JOIN room ON room.room_no = reservation.room_no  WHERE `meeting_date` = '2016-06-02'  [ RunTime:0.0006s ]
INFO: [ app_end ] --START--
INFO: Run Behavior\ShowPageTraceBehavior [ RunTime:0.000573s ]
INFO: [ app_end ] --END-- [ RunTime:0.000637s ]

[ 2016-06-02T00:22:06+08:00 ] 192.168.31.164 /Home/Index/showReservation?date=2016-06-02
INFO: [ app_init ] --START--
INFO: Run Behavior\BuildLiteBehavior [ RunTime:0.000009s ]
INFO: [ app_init ] --END-- [ RunTime:0.000201s ]
INFO: [ app_begin ] --START--
INFO: Run Behavior\ReadHtmlCacheBehavior [ RunTime:0.000256s ]
INFO: [ app_begin ] --END-- [ RunTime:0.000286s ]
SQL: SHOW COLUMNS FROM `reservation` [ RunTime:0.0101s ]
SQL: SELECT * FROM `reservation` INNER JOIN room ON room.room_no = reservation.room_no  WHERE `meeting_date` = '2016-06-02'  [ RunTime:0.0007s ]
INFO: [ app_end ] --START--
INFO: Run Behavior\ShowPageTraceBehavior [ RunTime:0.000469s ]
INFO: [ app_end ] --END-- [ RunTime:0.000518s ]

[ 2016-06-02T01:11:19+08:00 ] 192.168.31.164 /Home/User/login_check
INFO: [ app_init ] --START--
INFO: Run Behavior\BuildLiteBehavior [ RunTime:0.000022s ]
INFO: [ app_init ] --END-- [ RunTime:0.000821s ]
INFO: [ app_begin ] --START--
INFO: Run Behavior\ReadHtmlCacheBehavior [ RunTime:0.001540s ]
INFO: [ app_begin ] --END-- [ RunTime:0.001618s ]
SQL: SHOW COLUMNS FROM `users` [ RunTime:0.0059s ]
SQL: SELECT * FROM `users` WHERE `username` = '' AND `password` = '123456' LIMIT 1   [ RunTime:0.0004s ]
INFO: [ app_end ] --START--
INFO: Run Behavior\ShowPageTraceBehavior [ RunTime:0.006546s ]
INFO: [ app_end ] --END-- [ RunTime:0.006613s ]

[ 2016-06-02T01:11:27+08:00 ] 192.168.31.164 /Home/User/login_check
INFO: [ app_init ] --START--
INFO: Run Behavior\BuildLiteBehavior [ RunTime:0.000008s ]
INFO: [ app_init ] --END-- [ RunTime:0.000269s ]
INFO: [ app_begin ] --START--
INFO: Run Behavior\ReadHtmlCacheBehavior [ RunTime:0.000341s ]
INFO: [ app_begin ] --END-- [ RunTime:0.000378s ]
SQL: SHOW COLUMNS FROM `users` [ RunTime:0.0010s ]
SQL: SELECT * FROM `users` WHERE `username` = '' AND `password` = '123456' LIMIT 1   [ RunTime:0.0003s ]
INFO: [ app_end ] --START--
INFO: Run Behavior\ShowPageTraceBehavior [ RunTime:0.000419s ]
INFO: [ app_end ] --END-- [ RunTime:0.000468s ]

[ 2016-06-02T01:11:35+08:00 ] 192.168.31.164 /Home/User/login_check
INFO: [ app_init ] --START--
INFO: Run Behavior\BuildLiteBehavior [ RunTime:0.000012s ]
INFO: [ app_init ] --END-- [ RunTime:0.000320s ]
INFO: [ app_begin ] --START--
INFO: Run Behavior\ReadHtmlCacheBehavior [ RunTime:0.000351s ]
INFO: [ app_begin ] --END-- [ RunTime:0.000390s ]
SQL: SHOW COLUMNS FROM `users` [ RunTime:0.0107s ]
SQL: SELECT * FROM `users` WHERE `username` = '' AND `password` = '123456' LIMIT 1   [ RunTime:0.0006s ]
INFO: [ app_end ] --START--
INFO: Run Behavior\ShowPageTraceBehavior [ RunTime:0.000688s ]
INFO: [ app_end ] --END-- [ RunTime:0.000777s ]

[ 2016-06-02T01:11:46+08:00 ] 192.168.31.164 /Home/User/login_check
INFO: [ app_init ] --START--
INFO: Run Behavior\BuildLiteBehavior [ RunTime:0.000010s ]
INFO: [ app_init ] --END-- [ RunTime:0.000337s ]
INFO: [ app_begin ] --START--
INFO: Run Behavior\ReadHtmlCacheBehavior [ RunTime:0.000380s ]
INFO: [ app_begin ] --END-- [ RunTime:0.000417s ]
SQL: SHOW COLUMNS FROM `users` [ RunTime:0.0101s ]
SQL: SELECT * FROM `users` WHERE `username` = '' AND `password` = '123456' LIMIT 1   [ RunTime:0.0004s ]
INFO: [ app_end ] --START--
INFO: Run Behavior\ShowPageTraceBehavior [ RunTime:0.000789s ]
INFO: [ app_end ] --END-- [ RunTime:0.000896s ]

[ 2016-06-02T01:12:44+08:00 ] 192.168.31.164 /Home/User/login_check
INFO: [ app_init ] --START--
INFO: Run Behavior\BuildLiteBehavior [ RunTime:0.000009s ]
INFO: [ app_init ] --END-- [ RunTime:0.000312s ]
INFO: [ app_begin ] --START--
INFO: Run Behavior\ReadHtmlCacheBehavior [ RunTime:0.000356s ]
INFO: [ app_begin ] --END-- [ RunTime:0.000392s ]
SQL: SHOW COLUMNS FROM `users` [ RunTime:0.0121s ]
SQL: SELECT * FROM `users` WHERE `username` = '' AND `password` = '123456' LIMIT 1   [ RunTime:0.0005s ]
INFO: [ app_end ] --START--
INFO: Run Behavior\ShowPageTraceBehavior [ RunTime:0.000912s ]
INFO: [ app_end ] --END-- [ RunTime:0.001074s ]

[ 2016-06-02T01:13:39+08:00 ] 192.168.31.164 /Home/User/login_check
INFO: [ app_init ] --START--
INFO: Run Behavior\BuildLiteBehavior [ RunTime:0.000014s ]
INFO: [ app_init ] --END-- [ RunTime:0.000726s ]
INFO: [ app_begin ] --START--
INFO: Run Behavior\ReadHtmlCacheBehavior [ RunTime:0.001191s ]
INFO: [ app_begin ] --END-- [ RunTime:0.001282s ]
SQL: SHOW COLUMNS FROM `users` [ RunTime:0.0013s ]
SQL: SELECT * FROM `users` WHERE `username` = 'Eric' AND `password` = '123456' LIMIT 1   [ RunTime:0.0002s ]
INFO: [ app_end ] --START--
INFO: Run Behavior\ShowPageTraceBehavior [ RunTime:0.006485s ]
INFO: [ app_end ] --END-- [ RunTime:0.006565s ]

[ 2016-06-02T01:13:39+08:00 ] 192.168.31.164 /Home/Index/showRoom?location=Nokia%20No.3%203F
INFO: [ app_init ] --START--
INFO: Run Behavior\BuildLiteBehavior [ RunTime:0.000009s ]
INFO: [ app_init ] --END-- [ RunTime:0.000317s ]
INFO: [ app_begin ] --START--
INFO: Run Behavior\ReadHtmlCacheBehavior [ RunTime:0.000372s ]
INFO: [ app_begin ] --END-- [ RunTime:0.000407s ]
SQL: SHOW COLUMNS FROM `room` [ RunTime:0.0015s ]
SQL: SELECT * FROM `room` WHERE `room_location` = 'Nokia No.3 3F'  [ RunTime:0.0003s ]
INFO: [ app_end ] --START--
INFO: Run Behavior\ShowPageTraceBehavior [ RunTime:0.000543s ]
INFO: [ app_end ] --END-- [ RunTime:0.000596s ]

[ 2016-06-02T01:13:39+08:00 ] 192.168.31.164 /Home/Index/showReservation?date=2016-06-02
INFO: [ app_init ] --START--
INFO: Run Behavior\BuildLiteBehavior [ RunTime:0.000009s ]
INFO: [ app_init ] --END-- [ RunTime:0.000204s ]
INFO: [ app_begin ] --START--
INFO: Run Behavior\ReadHtmlCacheBehavior [ RunTime:0.000271s ]
INFO: [ app_begin ] --END-- [ RunTime:0.000302s ]
SQL: SHOW COLUMNS FROM `reservation` [ RunTime:0.0017s ]
SQL: SELECT * FROM `reservation` INNER JOIN room ON room.room_no = reservation.room_no  WHERE `meeting_date` = '2016-06-02'  [ RunTime:0.0004s ]
INFO: [ app_end ] --START--
INFO: Run Behavior\ShowPageTraceBehavior [ RunTime:0.000413s ]
INFO: [ app_end ] --END-- [ RunTime:0.000447s ]

[ 2016-06-02T01:13:39+08:00 ] 192.168.31.164 /Home/Index/showReservation?date=2016-06-02
INFO: [ app_init ] --START--
INFO: Run Behavior\BuildLiteBehavior [ RunTime:0.000009s ]
INFO: [ app_init ] --END-- [ RunTime:0.000212s ]
INFO: [ app_begin ] --START--
INFO: Run Behavior\ReadHtmlCacheBehavior [ RunTime:0.000258s ]
INFO: [ app_begin ] --END-- [ RunTime:0.000288s ]
SQL: SHOW COLUMNS FROM `reservation` [ RunTime:0.0011s ]
SQL: SELECT * FROM `reservation` INNER JOIN room ON room.room_no = reservation.room_no  WHERE `meeting_date` = '2016-06-02'  [ RunTime:0.0003s ]
INFO: [ app_end ] --START--
INFO: Run Behavior\ShowPageTraceBehavior [ RunTime:0.000300s ]
INFO: [ app_end ] --END-- [ RunTime:0.000329s ]

[ 2016-06-02T01:13:39+08:00 ] 192.168.31.164 /Home/Index/showReservation?date=2016-06-02
INFO: [ app_init ] --START--
INFO: Run Behavior\BuildLiteBehavior [ RunTime:0.000009s ]
INFO: [ app_init ] --END-- [ RunTime:0.000200s ]
INFO: [ app_begin ] --START--
INFO: Run Behavior\ReadHtmlCacheBehavior [ RunTime:0.000254s ]
INFO: [ app_begin ] --END-- [ RunTime:0.000285s ]
SQL: SHOW COLUMNS FROM `reservation` [ RunTime:0.0012s ]
SQL: SELECT * FROM `reservation` INNER JOIN room ON room.room_no = reservation.room_no  WHERE `meeting_date` = '2016-06-02'  [ RunTime:0.0003s ]
INFO: [ app_end ] --START--
INFO: Run Behavior\ShowPageTraceBehavior [ RunTime:0.000296s ]
INFO: [ app_end ] --END-- [ RunTime:0.000325s ]

