[ 2016-05-21T20:00:47+08:00 ] 127.0.0.1 /app/index.php/Admin/Manager/login
INFO: [ app_init ] --START--
INFO: Run Behavior\BuildLiteBehavior [ RunTime:0.000009s ]
INFO: [ app_init ] --END-- [ RunTime:0.000199s ]
INFO: [ app_begin ] --START--
INFO: Run Behavior\ReadHtmlCacheBehavior [ RunTime:0.000240s ]
INFO: [ app_begin ] --END-- [ RunTime:0.000268s ]
INFO: [ view_parse ] --START--
INFO: [ template_filter ] --START--
INFO: Run Behavior\ContentReplaceBehavior [ RunTime:0.000036s ]
INFO: [ template_filter ] --END-- [ RunTime:0.000083s ]
NOTIC: [8] Use of undefined constant ADMIN_CSS_URL - assumed 'ADMIN_CSS_URL' /Library/WebServer/Documents/meeting/app/Runtime/Cache/Admin/f1b47a0748576f443d200407d0647e08.php 第 9 行.
NOTIC: [8] Use of undefined constant ADMIN_IMG_URL - assumed 'ADMIN_IMG_URL' /Library/WebServer/Documents/meeting/app/Runtime/Cache/Admin/f1b47a0748576f443d200407d0647e08.php 第 40 行.
NOTIC: [8] Use of undefined constant ADMIN_IMG_URL - assumed 'ADMIN_IMG_URL' /Library/WebServer/Documents/meeting/app/Runtime/Cache/Admin/f1b47a0748576f443d200407d0647e08.php 第 47 行.
INFO: Run Behavior\ParseTemplateBehavior [ RunTime:0.014539s ]
INFO: [ view_parse ] --END-- [ RunTime:0.014580s ]
INFO: [ view_filter ] --START--
INFO: Run Behavior\WriteHtmlCacheBehavior [ RunTime:0.000602s ]
INFO: [ view_filter ] --END-- [ RunTime:0.000664s ]
INFO: [ app_end ] --START--
INFO: Run Behavior\ShowPageTraceBehavior [ RunTime:0.000930s ]
INFO: [ app_end ] --END-- [ RunTime:0.000997s ]

[ 2016-05-21T20:00:47+08:00 ] 127.0.0.1 /app/index.php/Admin/Manager/ADMIN_CSS_URLUser_Login.css
INFO: [ app_init ] --START--
INFO: Run Behavior\BuildLiteBehavior [ RunTime:0.000015s ]
INFO: [ app_init ] --END-- [ RunTime:0.000305s ]
INFO: [ app_begin ] --START--
INFO: Run Behavior\ReadHtmlCacheBehavior [ RunTime:0.000498s ]
INFO: [ app_begin ] --END-- [ RunTime:0.000542s ]
ERR: 非法操作:ADMIN_CSS_URLUser_Login.css

[ 2016-05-21T20:00:47+08:00 ] 127.0.0.1 /app/index.php/Admin/Manager/ADMIN_IMG_URLadmin.png
INFO: [ app_init ] --START--
INFO: Run Behavior\BuildLiteBehavior [ RunTime:0.000013s ]
INFO: [ app_init ] --END-- [ RunTime:0.000481s ]

[ 2016-05-21T20:00:47+08:00 ] 127.0.0.1 /app/index.php/Admin/Manager/ADMIN_IMG_URLuser_botton.gif
INFO: [ app_init ] --START--
INFO: Run Behavior\BuildLiteBehavior [ RunTime:0.000015s ]
INFO: [ app_init ] --END-- [ RunTime:0.000317s ]

