[ 2016-05-27T20:04:26+08:00 ] 127.0.0.1 /Home/User/login_check
INFO: [ app_begin ] --START--
INFO: Run Behavior\ReadHtmlCacheBehavior [ RunTime:0.000266s ]
INFO: [ app_begin ] --END-- [ RunTime:0.000476s ]
SQL: SHOW COLUMNS FROM `users` [ RunTime:0.0011s ]
SQL: SELECT * FROM `users` WHERE `username` = 'eric' AND `password` = '123456' LIMIT 1   [ RunTime:0.0003s ]
INFO: [ app_end ] --START--
INFO: Run Behavior\ShowPageTraceBehavior [ RunTime:0.000576s ]
INFO: [ app_end ] --END-- [ RunTime:0.000680s ]

[ 2016-05-27T20:04:36+08:00 ] 127.0.0.1 /Home/User/login_check
INFO: [ app_begin ] --START--
INFO: Run Behavior\ReadHtmlCacheBehavior [ RunTime:0.000234s ]
INFO: [ app_begin ] --END-- [ RunTime:0.000467s ]
SQL: SHOW COLUMNS FROM `users` [ RunTime:0.0017s ]
SQL: SELECT * FROM `users` WHERE `username` = 'eric' AND `password` = '123456' LIMIT 1   [ RunTime:0.0003s ]
INFO: [ app_end ] --START--
INFO: Run Behavior\ShowPageTraceBehavior [ RunTime:0.000406s ]
INFO: [ app_end ] --END-- [ RunTime:0.000449s ]

[ 2016-05-27T20:04:40+08:00 ] 127.0.0.1 /Home/User/login_check
INFO: [ app_begin ] --START--
INFO: Run Behavior\ReadHtmlCacheBehavior [ RunTime:0.000475s ]
INFO: [ app_begin ] --END-- [ RunTime:0.000903s ]
SQL: SHOW COLUMNS FROM `users` [ RunTime:0.0016s ]
SQL: SELECT * FROM `users` WHERE `username` = 'eric' AND `password` = '123456' LIMIT 1   [ RunTime:0.0002s ]
INFO: [ app_end ] --START--
INFO: Run Behavior\ShowPageTraceBehavior [ RunTime:0.000338s ]
INFO: [ app_end ] --END-- [ RunTime:0.000367s ]

[ 2016-05-27T20:04:42+08:00 ] 127.0.0.1 /Home/User/login_check
INFO: [ app_begin ] --START--
INFO: Run Behavior\ReadHtmlCacheBehavior [ RunTime:0.000225s ]
INFO: [ app_begin ] --END-- [ RunTime:0.000403s ]
SQL: SHOW COLUMNS FROM `users` [ RunTime:0.0103s ]
SQL: SELECT * FROM `users` WHERE `username` = 'eric' AND `password` = '123456' LIMIT 1   [ RunTime:0.0007s ]
INFO: [ app_end ] --START--
INFO: Run Behavior\ShowPageTraceBehavior [ RunTime:0.000677s ]
INFO: [ app_end ] --END-- [ RunTime:0.000748s ]

[ 2016-05-27T20:04:53+08:00 ] 127.0.0.1 /Home/User/login_check
INFO: [ app_begin ] --START--
INFO: Run Behavior\ReadHtmlCacheBehavior [ RunTime:0.000413s ]
INFO: [ app_begin ] --END-- [ RunTime:0.000642s ]
SQL: SHOW COLUMNS FROM `users` [ RunTime:0.0014s ]
SQL: SELECT * FROM `users` WHERE `username` = 'eric' AND `password` = '1234561' LIMIT 1   [ RunTime:0.0003s ]
NOTIC: [8] Undefined variable: loginStatus /Library/WebServer/Documents/meeting/app/Home/Controller/UserController.class.php 第 43 行.
INFO: [ app_end ] --START--
INFO: Run Behavior\ShowPageTraceBehavior [ RunTime:0.000453s ]
INFO: [ app_end ] --END-- [ RunTime:0.000506s ]

[ 2016-05-27T20:04:58+08:00 ] 127.0.0.1 /Home/User/login_check
INFO: [ app_begin ] --START--
INFO: Run Behavior\ReadHtmlCacheBehavior [ RunTime:0.000245s ]
INFO: [ app_begin ] --END-- [ RunTime:0.000540s ]
SQL: SHOW COLUMNS FROM `users` [ RunTime:0.0090s ]
SQL: SELECT * FROM `users` WHERE `username` = 'eric' AND `password` = '123456' LIMIT 1   [ RunTime:0.0003s ]
INFO: [ app_end ] --START--
INFO: Run Behavior\ShowPageTraceBehavior [ RunTime:0.000473s ]
INFO: [ app_end ] --END-- [ RunTime:0.000527s ]

[ 2016-05-27T20:05:11+08:00 ] 127.0.0.1 /Home/User/login_check
INFO: [ app_begin ] --START--
INFO: Run Behavior\ReadHtmlCacheBehavior [ RunTime:0.000572s ]
INFO: [ app_begin ] --END-- [ RunTime:0.000937s ]
SQL: SHOW COLUMNS FROM `users` [ RunTime:0.0015s ]
SQL: SELECT * FROM `users` WHERE `username` = 'eric' AND `password` = '123456' LIMIT 1   [ RunTime:0.0003s ]
INFO: [ app_end ] --START--
INFO: Run Behavior\ShowPageTraceBehavior [ RunTime:0.000574s ]
INFO: [ app_end ] --END-- [ RunTime:0.000631s ]

[ 2016-05-27T20:05:14+08:00 ] 127.0.0.1 /Home/User/login_check
INFO: [ app_begin ] --START--
INFO: Run Behavior\ReadHtmlCacheBehavior [ RunTime:0.000230s ]
INFO: [ app_begin ] --END-- [ RunTime:0.000398s ]
SQL: SHOW COLUMNS FROM `users` [ RunTime:0.0085s ]
SQL: SELECT * FROM `users` WHERE `username` = 'eric' AND `password` = '1234561' LIMIT 1   [ RunTime:0.0003s ]
NOTIC: [8] Undefined variable: loginStatus /Library/WebServer/Documents/meeting/app/Home/Controller/UserController.class.php 第 43 行.
INFO: [ app_end ] --START--
INFO: Run Behavior\ShowPageTraceBehavior [ RunTime:0.000432s ]
INFO: [ app_end ] --END-- [ RunTime:0.000480s ]

[ 2016-05-27T20:05:31+08:00 ] 127.0.0.1 /Home/User/login_check
INFO: [ app_begin ] --START--
INFO: Run Behavior\ReadHtmlCacheBehavior [ RunTime:0.000660s ]
INFO: [ app_begin ] --END-- [ RunTime:0.000950s ]
SQL: SHOW COLUMNS FROM `users` [ RunTime:0.0085s ]
SQL: SELECT * FROM `users` WHERE `username` = 'eric' AND `password` = '123456' LIMIT 1   [ RunTime:0.0005s ]
INFO: [ app_end ] --START--
INFO: Run Behavior\ShowPageTraceBehavior [ RunTime:0.000444s ]
INFO: [ app_end ] --END-- [ RunTime:0.000494s ]

[ 2016-05-27T20:07:04+08:00 ] 127.0.0.1 /Home/User/login_check
INFO: [ app_begin ] --START--
INFO: Run Behavior\ReadHtmlCacheBehavior [ RunTime:0.000339s ]
INFO: [ app_begin ] --END-- [ RunTime:0.000566s ]
SQL: SHOW COLUMNS FROM `users` [ RunTime:0.0016s ]
SQL: SELECT * FROM `users` WHERE `username` = 'eric' AND `password` = '123456' LIMIT 1   [ RunTime:0.0003s ]
INFO: [ app_end ] --START--
INFO: Run Behavior\ShowPageTraceBehavior [ RunTime:0.000325s ]
INFO: [ app_end ] --END-- [ RunTime:0.000364s ]

[ 2016-05-27T20:07:12+08:00 ] 127.0.0.1 /Home/User/login_check
INFO: [ app_begin ] --START--
INFO: Run Behavior\ReadHtmlCacheBehavior [ RunTime:0.000536s ]
INFO: [ app_begin ] --END-- [ RunTime:0.001153s ]
SQL: SHOW COLUMNS FROM `users` [ RunTime:0.0014s ]
SQL: SELECT * FROM `users` WHERE `username` = 'eric' AND `password` = '123456' LIMIT 1   [ RunTime:0.0009s ]
INFO: [ app_end ] --START--
INFO: Run Behavior\ShowPageTraceBehavior [ RunTime:0.002969s ]
INFO: [ app_end ] --END-- [ RunTime:0.003248s ]

[ 2016-05-27T20:07:32+08:00 ] 127.0.0.1 /Home/User/login_check
INFO: [ app_begin ] --START--
INFO: Run Behavior\ReadHtmlCacheBehavior [ RunTime:0.000235s ]
INFO: [ app_begin ] --END-- [ RunTime:0.000414s ]
SQL: SHOW COLUMNS FROM `users` [ RunTime:0.0100s ]
SQL: SELECT * FROM `users` WHERE `username` = 'eric' AND `password` = '123456' LIMIT 1   [ RunTime:0.0012s ]
INFO: [ app_end ] --START--
INFO: Run Behavior\ShowPageTraceBehavior [ RunTime:0.001339s ]
INFO: [ app_end ] --END-- [ RunTime:0.001455s ]

[ 2016-05-27T20:07:45+08:00 ] 127.0.0.1 /Home/User/login_check
INFO: [ app_begin ] --START--
INFO: Run Behavior\ReadHtmlCacheBehavior [ RunTime:0.000240s ]
INFO: [ app_begin ] --END-- [ RunTime:0.000422s ]
SQL: SHOW COLUMNS FROM `users` [ RunTime:0.0086s ]
SQL: SELECT * FROM `users` WHERE `username` = 'eric' AND `password` = '123456' LIMIT 1   [ RunTime:0.0003s ]
INFO: [ app_end ] --START--
INFO: Run Behavior\ShowPageTraceBehavior [ RunTime:0.000419s ]
INFO: [ app_end ] --END-- [ RunTime:0.000462s ]

[ 2016-05-27T20:07:52+08:00 ] 127.0.0.1 /Home/User/login_check
INFO: [ app_begin ] --START--
INFO: Run Behavior\ReadHtmlCacheBehavior [ RunTime:0.000225s ]
INFO: [ app_begin ] --END-- [ RunTime:0.000402s ]
SQL: SHOW COLUMNS FROM `users` [ RunTime:0.0084s ]
SQL: SELECT * FROM `users` WHERE `username` = 'eric' AND `password` = '123456' LIMIT 1   [ RunTime:0.0003s ]
INFO: [ app_end ] --START--
INFO: Run Behavior\ShowPageTraceBehavior [ RunTime:0.000385s ]
INFO: [ app_end ] --END-- [ RunTime:0.000437s ]

[ 2016-05-27T20:08:08+08:00 ] 127.0.0.1 /Home/User/login_check
INFO: [ app_begin ] --START--
INFO: Run Behavior\ReadHtmlCacheBehavior [ RunTime:0.000263s ]
INFO: [ app_begin ] --END-- [ RunTime:0.000555s ]
SQL: SHOW COLUMNS FROM `users` [ RunTime:0.0101s ]
SQL: SELECT * FROM `users` WHERE `username` = 'eric' AND `password` = '123456' LIMIT 1   [ RunTime:0.0003s ]
INFO: [ app_end ] --START--
INFO: Run Behavior\ShowPageTraceBehavior [ RunTime:0.000560s ]
INFO: [ app_end ] --END-- [ RunTime:0.000620s ]

[ 2016-05-27T20:08:52+08:00 ] 127.0.0.1 /Home/User/login_check
INFO: [ app_begin ] --START--
INFO: Run Behavior\ReadHtmlCacheBehavior [ RunTime:0.000262s ]
INFO: [ app_begin ] --END-- [ RunTime:0.000594s ]
SQL: SHOW COLUMNS FROM `users` [ RunTime:0.0088s ]
SQL: SELECT * FROM `users` WHERE `username` = 'eric' AND `password` = '123456' LIMIT 1   [ RunTime:0.0003s ]
INFO: [ app_end ] --START--
INFO: Run Behavior\ShowPageTraceBehavior [ RunTime:0.000472s ]
INFO: [ app_end ] --END-- [ RunTime:0.000530s ]

[ 2016-05-27T20:09:09+08:00 ] 127.0.0.1 /Home/User/login_check
INFO: [ app_begin ] --START--
INFO: Run Behavior\ReadHtmlCacheBehavior [ RunTime:0.000425s ]
INFO: [ app_begin ] --END-- [ RunTime:0.000756s ]
SQL: SHOW COLUMNS FROM `users` [ RunTime:0.0153s ]
SQL: SELECT * FROM `users` WHERE `username` = 'eric' AND `password` = '123456' LIMIT 1   [ RunTime:0.0003s ]
INFO: [ app_end ] --START--
INFO: Run Behavior\ShowPageTraceBehavior [ RunTime:0.000387s ]
INFO: [ app_end ] --END-- [ RunTime:0.000431s ]

[ 2016-05-27T20:09:23+08:00 ] 127.0.0.1 /Home/User/login_check
INFO: [ app_begin ] --START--
INFO: Run Behavior\ReadHtmlCacheBehavior [ RunTime:0.000281s ]
INFO: [ app_begin ] --END-- [ RunTime:0.000484s ]
SQL: SHOW COLUMNS FROM `users` [ RunTime:0.0035s ]
SQL: SELECT * FROM `users` WHERE `username` = 'eric' AND `password` = '123456' LIMIT 1   [ RunTime:0.0004s ]
INFO: [ app_end ] --START--
INFO: Run Behavior\ShowPageTraceBehavior [ RunTime:0.000479s ]
INFO: [ app_end ] --END-- [ RunTime:0.000546s ]

[ 2016-05-27T20:10:48+08:00 ] 127.0.0.1 /Home/User/login_check
INFO: [ app_begin ] --START--
INFO: Run Behavior\ReadHtmlCacheBehavior [ RunTime:0.000308s ]
INFO: [ app_begin ] --END-- [ RunTime:0.000514s ]
SQL: SHOW COLUMNS FROM `users` [ RunTime:0.0091s ]
SQL: SELECT * FROM `users` WHERE `username` = 'eric' AND `password` = '123456' LIMIT 1   [ RunTime:0.0003s ]
INFO: [ app_end ] --START--
INFO: Run Behavior\ShowPageTraceBehavior [ RunTime:0.000393s ]
INFO: [ app_end ] --END-- [ RunTime:0.000489s ]

[ 2016-05-27T20:11:07+08:00 ] 127.0.0.1 /Home/User/login_check
INFO: [ app_begin ] --START--
INFO: Run Behavior\ReadHtmlCacheBehavior [ RunTime:0.000275s ]
INFO: [ app_begin ] --END-- [ RunTime:0.000482s ]
SQL: SHOW COLUMNS FROM `users` [ RunTime:0.0092s ]
SQL: SELECT * FROM `users` WHERE `username` = 'eric' AND `password` = '123456' LIMIT 1   [ RunTime:0.0002s ]
INFO: [ app_end ] --START--
INFO: Run Behavior\ShowPageTraceBehavior [ RunTime:0.000359s ]
INFO: [ app_end ] --END-- [ RunTime:0.000402s ]

[ 2016-05-27T20:11:31+08:00 ] 127.0.0.1 /Home/User/login_check
INFO: [ app_begin ] --START--
INFO: Run Behavior\ReadHtmlCacheBehavior [ RunTime:0.000219s ]
INFO: [ app_begin ] --END-- [ RunTime:0.000388s ]
SQL: SHOW COLUMNS FROM `users` [ RunTime:0.0090s ]
SQL: SELECT * FROM `users` WHERE `username` = 'eric' AND `password` = '123456' LIMIT 1   [ RunTime:0.0003s ]
INFO: [ app_end ] --START--
INFO: Run Behavior\ShowPageTraceBehavior [ RunTime:0.000360s ]
INFO: [ app_end ] --END-- [ RunTime:0.000397s ]

[ 2016-05-27T20:11:45+08:00 ] 127.0.0.1 /Home/User/login_check
INFO: [ app_begin ] --START--
INFO: Run Behavior\ReadHtmlCacheBehavior [ RunTime:0.000669s ]
INFO: [ app_begin ] --END-- [ RunTime:0.000909s ]
SQL: SHOW COLUMNS FROM `users` [ RunTime:0.0095s ]
SQL: SELECT * FROM `users` WHERE `username` = 'eric' AND `password` = '123456' LIMIT 1   [ RunTime:0.0004s ]
INFO: [ app_end ] --START--
INFO: Run Behavior\ShowPageTraceBehavior [ RunTime:0.000500s ]
INFO: [ app_end ] --END-- [ RunTime:0.000549s ]

[ 2016-05-27T20:14:27+08:00 ] 127.0.0.1 /Home/User/login_check
INFO: [ app_begin ] --START--
INFO: Run Behavior\ReadHtmlCacheBehavior [ RunTime:0.000227s ]
INFO: [ app_begin ] --END-- [ RunTime:0.000407s ]
SQL: SHOW COLUMNS FROM `users` [ RunTime:0.0011s ]
SQL: SELECT * FROM `users` WHERE `username` = 'eric' AND `password` = '123456' LIMIT 1   [ RunTime:0.0003s ]
INFO: [ app_end ] --START--
INFO: Run Behavior\ShowPageTraceBehavior [ RunTime:0.000347s ]
INFO: [ app_end ] --END-- [ RunTime:0.000378s ]

[ 2016-05-27T20:14:55+08:00 ] 127.0.0.1 /Home/User/login_check
INFO: [ app_begin ] --START--
INFO: Run Behavior\ReadHtmlCacheBehavior [ RunTime:0.000230s ]
INFO: [ app_begin ] --END-- [ RunTime:0.000411s ]
SQL: SHOW COLUMNS FROM `users` [ RunTime:0.0084s ]
SQL: SELECT * FROM `users` WHERE `username` = 'eric' AND `password` = '123456' LIMIT 1   [ RunTime:0.0003s ]
INFO: [ app_end ] --START--
INFO: Run Behavior\ShowPageTraceBehavior [ RunTime:0.000416s ]
INFO: [ app_end ] --END-- [ RunTime:0.000457s ]

[ 2016-05-27T20:15:08+08:00 ] 127.0.0.1 /Home/User/login_check
INFO: [ app_begin ] --START--
INFO: Run Behavior\ReadHtmlCacheBehavior [ RunTime:0.000224s ]
INFO: [ app_begin ] --END-- [ RunTime:0.000393s ]
SQL: SHOW COLUMNS FROM `users` [ RunTime:0.0022s ]
SQL: SELECT * FROM `users` WHERE `username` = 'eric' AND `password` = '123456' LIMIT 1   [ RunTime:0.0004s ]
INFO: [ app_end ] --START--
INFO: Run Behavior\ShowPageTraceBehavior [ RunTime:0.000443s ]
INFO: [ app_end ] --END-- [ RunTime:0.000489s ]

[ 2016-05-27T20:15:16+08:00 ] 127.0.0.1 /Home/User/login_check
INFO: [ app_begin ] --START--
INFO: Run Behavior\ReadHtmlCacheBehavior [ RunTime:0.000251s ]
INFO: [ app_begin ] --END-- [ RunTime:0.000494s ]
SQL: SHOW COLUMNS FROM `users` [ RunTime:0.0092s ]
SQL: SELECT * FROM `users` WHERE `username` = 'eric' AND `password` = '123456d' LIMIT 1   [ RunTime:0.0004s ]
NOTIC: [8] Undefined variable: loginStatus /Library/WebServer/Documents/meeting/app/Home/Controller/UserController.class.php 第 43 行.
INFO: [ app_end ] --START--
INFO: Run Behavior\ShowPageTraceBehavior [ RunTime:0.000889s ]
INFO: [ app_end ] --END-- [ RunTime:0.000980s ]

[ 2016-05-27T20:15:16+08:00 ] 127.0.0.1 /Home/User/login_check
INFO: [ app_begin ] --START--
INFO: Run Behavior\ReadHtmlCacheBehavior [ RunTime:0.000246s ]
INFO: [ app_begin ] --END-- [ RunTime:0.000421s ]
SQL: SHOW COLUMNS FROM `users` [ RunTime:0.0089s ]
SQL: SELECT * FROM `users` WHERE `username` = 'eric' AND `password` = '123456d' LIMIT 1   [ RunTime:0.0002s ]
NOTIC: [8] Undefined variable: loginStatus /Library/WebServer/Documents/meeting/app/Home/Controller/UserController.class.php 第 43 行.
INFO: [ app_end ] --START--
INFO: Run Behavior\ShowPageTraceBehavior [ RunTime:0.000337s ]
INFO: [ app_end ] --END-- [ RunTime:0.000367s ]

[ 2016-05-27T20:15:18+08:00 ] 127.0.0.1 /Home/User/login_check
INFO: [ app_begin ] --START--
INFO: Run Behavior\ReadHtmlCacheBehavior [ RunTime:0.000241s ]
INFO: [ app_begin ] --END-- [ RunTime:0.000424s ]
SQL: SHOW COLUMNS FROM `users` [ RunTime:0.0093s ]
SQL: SELECT * FROM `users` WHERE `username` = 'eric' AND `password` = '123456d' LIMIT 1   [ RunTime:0.0004s ]
NOTIC: [8] Undefined variable: loginStatus /Library/WebServer/Documents/meeting/app/Home/Controller/UserController.class.php 第 43 行.
INFO: [ app_end ] --START--
INFO: Run Behavior\ShowPageTraceBehavior [ RunTime:0.000480s ]
INFO: [ app_end ] --END-- [ RunTime:0.000522s ]

[ 2016-05-27T20:15:28+08:00 ] 127.0.0.1 /Home/User/login_check
INFO: [ app_begin ] --START--
INFO: Run Behavior\ReadHtmlCacheBehavior [ RunTime:0.000222s ]
INFO: [ app_begin ] --END-- [ RunTime:0.000393s ]
SQL: SHOW COLUMNS FROM `users` [ RunTime:0.0087s ]
SQL: SELECT * FROM `users` WHERE `username` = 'eric' AND `password` = '12345611' LIMIT 1   [ RunTime:0.0003s ]
NOTIC: [8] Undefined variable: loginStatus /Library/WebServer/Documents/meeting/app/Home/Controller/UserController.class.php 第 43 行.
INFO: [ app_end ] --START--
INFO: Run Behavior\ShowPageTraceBehavior [ RunTime:0.000643s ]
INFO: [ app_end ] --END-- [ RunTime:0.000692s ]

[ 2016-05-27T20:15:34+08:00 ] 127.0.0.1 /Home/User/login_check
INFO: [ app_begin ] --START--
INFO: Run Behavior\ReadHtmlCacheBehavior [ RunTime:0.000248s ]
INFO: [ app_begin ] --END-- [ RunTime:0.000448s ]
SQL: SHOW COLUMNS FROM `users` [ RunTime:0.0023s ]
SQL: SELECT * FROM `users` WHERE `username` = 'eric' AND `password` = '123456' LIMIT 1   [ RunTime:0.0009s ]
INFO: [ app_end ] --START--
INFO: Run Behavior\ShowPageTraceBehavior [ RunTime:0.001067s ]
INFO: [ app_end ] --END-- [ RunTime:0.001236s ]

[ 2016-05-27T20:15:38+08:00 ] 127.0.0.1 /Home/User/login_check
INFO: [ app_begin ] --START--
INFO: Run Behavior\ReadHtmlCacheBehavior [ RunTime:0.000636s ]
INFO: [ app_begin ] --END-- [ RunTime:0.001453s ]
SQL: SHOW COLUMNS FROM `users` [ RunTime:0.0096s ]
SQL: SELECT * FROM `users` WHERE `username` = 'eric' AND `password` = '12345611' LIMIT 1   [ RunTime:0.0003s ]
NOTIC: [8] Undefined variable: loginStatus /Library/WebServer/Documents/meeting/app/Home/Controller/UserController.class.php 第 43 行.
INFO: [ app_end ] --START--
INFO: Run Behavior\ShowPageTraceBehavior [ RunTime:0.000354s ]
INFO: [ app_end ] --END-- [ RunTime:0.000395s ]

[ 2016-05-27T20:15:39+08:00 ] 127.0.0.1 /Home/User/login_check
INFO: [ app_begin ] --START--
INFO: Run Behavior\ReadHtmlCacheBehavior [ RunTime:0.000338s ]
INFO: [ app_begin ] --END-- [ RunTime:0.000576s ]
SQL: SHOW COLUMNS FROM `users` [ RunTime:0.0099s ]
SQL: SELECT * FROM `users` WHERE `username` = 'eric' AND `password` = '12345611' LIMIT 1   [ RunTime:0.0002s ]
NOTIC: [8] Undefined variable: loginStatus /Library/WebServer/Documents/meeting/app/Home/Controller/UserController.class.php 第 43 行.
INFO: [ app_end ] --START--
INFO: Run Behavior\ShowPageTraceBehavior [ RunTime:0.000343s ]
INFO: [ app_end ] --END-- [ RunTime:0.000375s ]

[ 2016-05-27T20:15:40+08:00 ] 127.0.0.1 /Home/User/login_check
INFO: [ app_begin ] --START--
INFO: Run Behavior\ReadHtmlCacheBehavior [ RunTime:0.000470s ]
INFO: [ app_begin ] --END-- [ RunTime:0.001136s ]
SQL: SHOW COLUMNS FROM `users` [ RunTime:0.0085s ]
SQL: SELECT * FROM `users` WHERE `username` = 'eric' AND `password` = '12345611' LIMIT 1   [ RunTime:0.0003s ]
NOTIC: [8] Undefined variable: loginStatus /Library/WebServer/Documents/meeting/app/Home/Controller/UserController.class.php 第 43 行.
INFO: [ app_end ] --START--
INFO: Run Behavior\ShowPageTraceBehavior [ RunTime:0.000366s ]
INFO: [ app_end ] --END-- [ RunTime:0.000398s ]

[ 2016-05-27T20:15:42+08:00 ] 127.0.0.1 /Home/User/login_check
INFO: [ app_begin ] --START--
INFO: Run Behavior\ReadHtmlCacheBehavior [ RunTime:0.000259s ]
INFO: [ app_begin ] --END-- [ RunTime:0.000459s ]
SQL: SHOW COLUMNS FROM `users` [ RunTime:0.0085s ]
SQL: SELECT * FROM `users` WHERE `username` = 'eric' AND `password` = '12345611' LIMIT 1   [ RunTime:0.0003s ]
NOTIC: [8] Undefined variable: loginStatus /Library/WebServer/Documents/meeting/app/Home/Controller/UserController.class.php 第 43 行.
INFO: [ app_end ] --START--
INFO: Run Behavior\ShowPageTraceBehavior [ RunTime:0.000420s ]
INFO: [ app_end ] --END-- [ RunTime:0.000458s ]

[ 2016-05-27T20:16:18+08:00 ] 127.0.0.1 /Home/User/login_check
INFO: [ app_begin ] --START--
INFO: Run Behavior\ReadHtmlCacheBehavior [ RunTime:0.000547s ]
INFO: [ app_begin ] --END-- [ RunTime:0.000883s ]
SQL: SHOW COLUMNS FROM `users` [ RunTime:0.0111s ]
SQL: SELECT * FROM `users` WHERE `username` = 'eric' AND `password` = '12345611' LIMIT 1   [ RunTime:0.0004s ]
INFO: [ app_end ] --START--
INFO: Run Behavior\ShowPageTraceBehavior [ RunTime:0.000495s ]
INFO: [ app_end ] --END-- [ RunTime:0.000559s ]

[ 2016-05-27T20:16:22+08:00 ] 127.0.0.1 /Home/User/login_check
INFO: [ app_begin ] --START--
INFO: Run Behavior\ReadHtmlCacheBehavior [ RunTime:0.000425s ]
INFO: [ app_begin ] --END-- [ RunTime:0.000674s ]
SQL: SHOW COLUMNS FROM `users` [ RunTime:0.0095s ]
SQL: SELECT * FROM `users` WHERE `username` = 'eric' AND `password` = '123456' LIMIT 1   [ RunTime:0.0003s ]
INFO: [ app_end ] --START--
INFO: Run Behavior\ShowPageTraceBehavior [ RunTime:0.000413s ]
INFO: [ app_end ] --END-- [ RunTime:0.000455s ]

[ 2016-05-27T20:27:07+08:00 ] 127.0.0.1 /Home/User/login_check
ERR: Think\Controller:isPost方法不存在！

[ 2016-05-27T20:33:05+08:00 ] 127.0.0.1 /Home/User/login_check
INFO: [ app_begin ] --START--
INFO: Run Behavior\ReadHtmlCacheBehavior [ RunTime:0.000305s ]
INFO: [ app_begin ] --END-- [ RunTime:0.000665s ]
SQL: SHOW COLUMNS FROM `users` [ RunTime:0.0099s ]
SQL: SELECT * FROM `users` WHERE `username` = 'eric' AND `password` = '123456' LIMIT 1   [ RunTime:0.0004s ]
INFO: [ app_end ] --START--
INFO: Run Behavior\ShowPageTraceBehavior [ RunTime:0.000466s ]
INFO: [ app_end ] --END-- [ RunTime:0.000517s ]

[ 2016-05-27T20:48:43+08:00 ] 127.0.0.1 /Home/User/login_check
INFO: [ app_begin ] --START--
INFO: Run Behavior\ReadHtmlCacheBehavior [ RunTime:0.000232s ]
INFO: [ app_begin ] --END-- [ RunTime:0.000420s ]
SQL: SHOW COLUMNS FROM `users` [ RunTime:0.0097s ]
SQL: SELECT * FROM `users` WHERE `username` = 'eric' AND `password` = '123456' LIMIT 1   [ RunTime:0.0003s ]
INFO: [ app_end ] --START--
INFO: Run Behavior\ShowPageTraceBehavior [ RunTime:0.000396s ]
INFO: [ app_end ] --END-- [ RunTime:0.000457s ]

[ 2016-05-27T20:51:14+08:00 ] 127.0.0.1 /Home/User/login_check
INFO: [ app_begin ] --START--
INFO: Run Behavior\ReadHtmlCacheBehavior [ RunTime:0.000508s ]
INFO: [ app_begin ] --END-- [ RunTime:0.001600s ]
NOTIC: [8192] mysql_connect(): The mysql extension is deprecated and will be removed in the future: use mysqli or PDO instead /Library/WebServer/Documents/meeting/ThinkPHP/Library/Think/Session/Driver/Db.class.php 第 95 行.
SQL: SHOW COLUMNS FROM `users` [ RunTime:0.0014s ]
SQL: SELECT * FROM `users` WHERE `username` = 'eric' AND `password` = '123456' LIMIT 1   [ RunTime:0.0004s ]
INFO: [ app_end ] --START--
INFO: Run Behavior\ShowPageTraceBehavior [ RunTime:0.000589s ]
INFO: [ app_end ] --END-- [ RunTime:0.000648s ]

[ 2016-05-27T20:51:16+08:00 ] 127.0.0.1 /Home/User/login_check
INFO: [ app_begin ] --START--
INFO: Run Behavior\ReadHtmlCacheBehavior [ RunTime:0.000395s ]
INFO: [ app_begin ] --END-- [ RunTime:0.000779s ]
NOTIC: [8192] mysql_connect(): The mysql extension is deprecated and will be removed in the future: use mysqli or PDO instead /Library/WebServer/Documents/meeting/ThinkPHP/Library/Think/Session/Driver/Db.class.php 第 95 行.
SQL: SHOW COLUMNS FROM `users` [ RunTime:0.0092s ]
SQL: SELECT * FROM `users` WHERE `username` = 'eric' AND `password` = '123456' LIMIT 1   [ RunTime:0.0003s ]
INFO: [ app_end ] --START--
INFO: Run Behavior\ShowPageTraceBehavior [ RunTime:0.000452s ]
INFO: [ app_end ] --END-- [ RunTime:0.000499s ]

[ 2016-05-27T20:51:23+08:00 ] 127.0.0.1 /Home/User/login_check
INFO: [ app_begin ] --START--
INFO: Run Behavior\ReadHtmlCacheBehavior [ RunTime:0.001129s ]
INFO: [ app_begin ] --END-- [ RunTime:0.002252s ]
NOTIC: [8192] mysql_connect(): The mysql extension is deprecated and will be removed in the future: use mysqli or PDO instead /Library/WebServer/Documents/meeting/ThinkPHP/Library/Think/Session/Driver/Db.class.php 第 95 行.
SQL: SHOW COLUMNS FROM `users` [ RunTime:0.0100s ]
SQL: SELECT * FROM `users` WHERE `username` = 'eric' AND `password` = '123456' LIMIT 1   [ RunTime:0.0003s ]
INFO: [ app_end ] --START--
INFO: Run Behavior\ShowPageTraceBehavior [ RunTime:0.000572s ]
INFO: [ app_end ] --END-- [ RunTime:0.000628s ]

[ 2016-05-27T20:51:35+08:00 ] 127.0.0.1 /Home/User/login_check
INFO: [ app_begin ] --START--
INFO: Run Behavior\ReadHtmlCacheBehavior [ RunTime:0.000435s ]
INFO: [ app_begin ] --END-- [ RunTime:0.000773s ]
NOTIC: [8192] mysql_connect(): The mysql extension is deprecated and will be removed in the future: use mysqli or PDO instead /Library/WebServer/Documents/meeting/ThinkPHP/Library/Think/Session/Driver/Db.class.php 第 95 行.
SQL: SHOW COLUMNS FROM `users` [ RunTime:0.0012s ]
SQL: SELECT * FROM `users` WHERE `username` = 'eric' AND `password` = '123456' LIMIT 1   [ RunTime:0.0003s ]
INFO: [ app_end ] --START--
INFO: Run Behavior\ShowPageTraceBehavior [ RunTime:0.000448s ]
INFO: [ app_end ] --END-- [ RunTime:0.000479s ]

[ 2016-05-27T20:51:43+08:00 ] 127.0.0.1 /Home/User/login_check
INFO: [ app_begin ] --START--
INFO: Run Behavior\ReadHtmlCacheBehavior [ RunTime:0.000264s ]
INFO: [ app_begin ] --END-- [ RunTime:0.000485s ]
SQL: SHOW COLUMNS FROM `users` [ RunTime:0.0108s ]
SQL: SELECT * FROM `users` WHERE `username` = 'eric' AND `password` = '123456' LIMIT 1   [ RunTime:0.0003s ]
INFO: [ app_end ] --START--
INFO: Run Behavior\ShowPageTraceBehavior [ RunTime:0.000562s ]
INFO: [ app_end ] --END-- [ RunTime:0.000628s ]

[ 2016-05-27T20:52:43+08:00 ] 127.0.0.1 /Home/User/login_check
INFO: [ app_begin ] --START--
INFO: Run Behavior\ReadHtmlCacheBehavior [ RunTime:0.000730s ]
INFO: [ app_begin ] --END-- [ RunTime:0.001062s ]
NOTIC: [8192] mysql_connect(): The mysql extension is deprecated and will be removed in the future: use mysqli or PDO instead /Library/WebServer/Documents/meeting/ThinkPHP/Library/Think/Session/Driver/Db.class.php 第 95 行.
SQL: SHOW COLUMNS FROM `users` [ RunTime:0.0090s ]
SQL: SELECT * FROM `users` WHERE `username` = 'eric' AND `password` = '123456' LIMIT 1   [ RunTime:0.0003s ]
INFO: [ app_end ] --START--
INFO: Run Behavior\ShowPageTraceBehavior [ RunTime:0.000419s ]
INFO: [ app_end ] --END-- [ RunTime:0.000471s ]

[ 2016-05-27T20:52:54+08:00 ] 127.0.0.1 /Home/User/login_check
INFO: [ app_begin ] --START--
INFO: Run Behavior\ReadHtmlCacheBehavior [ RunTime:0.000402s ]
INFO: [ app_begin ] --END-- [ RunTime:0.000759s ]
NOTIC: [8192] mysql_connect(): The mysql extension is deprecated and will be removed in the future: use mysqli or PDO instead /Library/WebServer/Documents/meeting/ThinkPHP/Library/Think/Session/Driver/Db.class.php 第 95 行.
SQL: SHOW COLUMNS FROM `users` [ RunTime:0.0011s ]
SQL: SELECT * FROM `users` WHERE `username` = 'eric' AND `password` = '123456' LIMIT 1   [ RunTime:0.0004s ]
INFO: [ app_end ] --START--
INFO: Run Behavior\ShowPageTraceBehavior [ RunTime:0.000616s ]
INFO: [ app_end ] --END-- [ RunTime:0.000672s ]

[ 2016-05-27T20:53:12+08:00 ] 127.0.0.1 /Home/User/login_check
INFO: [ app_begin ] --START--
INFO: Run Behavior\ReadHtmlCacheBehavior [ RunTime:0.000373s ]
INFO: [ app_begin ] --END-- [ RunTime:0.000653s ]
SQL: SHOW COLUMNS FROM `users` [ RunTime:0.0098s ]
SQL: SELECT * FROM `users` WHERE `username` = 'eric' AND `password` = '123456' LIMIT 1   [ RunTime:0.0003s ]
INFO: [ app_end ] --START--
INFO: Run Behavior\ShowPageTraceBehavior [ RunTime:0.000585s ]
INFO: [ app_end ] --END-- [ RunTime:0.000652s ]

[ 2016-05-27T20:56:13+08:00 ] 127.0.0.1 /Home/User/login_check
INFO: [ app_begin ] --START--
INFO: Run Behavior\ReadHtmlCacheBehavior [ RunTime:0.000433s ]
INFO: [ app_begin ] --END-- [ RunTime:0.000978s ]
SQL: SHOW COLUMNS FROM `users` [ RunTime:0.0015s ]
SQL: SELECT * FROM `users` WHERE `username` = 'eric' AND `password` = '123456' LIMIT 1   [ RunTime:0.0003s ]
NOTIC: [8] A session had already been started - ignoring session_start() /Library/WebServer/Documents/meeting/ThinkPHP/Common/functions.php 第 1263 行.
NOTIC: [8] A session had already been started - ignoring session_start() /Library/WebServer/Documents/meeting/ThinkPHP/Common/functions.php 第 1263 行.
INFO: [ app_end ] --START--
INFO: Run Behavior\ShowPageTraceBehavior [ RunTime:0.000369s ]
INFO: [ app_end ] --END-- [ RunTime:0.000423s ]

[ 2016-05-27T20:56:32+08:00 ] 127.0.0.1 /Home/User/login_check
INFO: [ app_begin ] --START--
INFO: Run Behavior\ReadHtmlCacheBehavior [ RunTime:0.000416s ]
INFO: [ app_begin ] --END-- [ RunTime:0.000715s ]
SQL: SHOW COLUMNS FROM `users` [ RunTime:0.0085s ]
SQL: SELECT * FROM `users` WHERE `username` = 'eric' AND `password` = '123456' LIMIT 1   [ RunTime:0.0003s ]
NOTIC: [8] A session had already been started - ignoring session_start() /Library/WebServer/Documents/meeting/ThinkPHP/Common/functions.php 第 1263 行.
NOTIC: [8] A session had already been started - ignoring session_start() /Library/WebServer/Documents/meeting/ThinkPHP/Common/functions.php 第 1263 行.
INFO: [ app_end ] --START--
INFO: Run Behavior\ShowPageTraceBehavior [ RunTime:0.000467s ]
INFO: [ app_end ] --END-- [ RunTime:0.000508s ]

[ 2016-05-27T21:04:07+08:00 ] 127.0.0.1 /Home/User/login_check
INFO: [ app_begin ] --START--
INFO: Run Behavior\ReadHtmlCacheBehavior [ RunTime:0.000215s ]
INFO: [ app_begin ] --END-- [ RunTime:0.000375s ]
SQL: SHOW COLUMNS FROM `users` [ RunTime:0.0011s ]
SQL: SELECT * FROM `users` WHERE `username` = 'eric' AND `password` = '123456' LIMIT 1   [ RunTime:0.0002s ]
INFO: [ app_end ] --START--
INFO: Run Behavior\ShowPageTraceBehavior [ RunTime:0.000349s ]
INFO: [ app_end ] --END-- [ RunTime:0.000381s ]

[ 2016-05-27T21:12:43+08:00 ] 127.0.0.1 /Home/User/logout_check
INFO: [ app_begin ] --START--
INFO: Run Behavior\ReadHtmlCacheBehavior [ RunTime:0.000212s ]
INFO: [ app_begin ] --END-- [ RunTime:0.000370s ]
INFO: [ app_end ] --START--
INFO: Run Behavior\ShowPageTraceBehavior [ RunTime:0.000455s ]
INFO: [ app_end ] --END-- [ RunTime:0.000515s ]

[ 2016-05-27T21:12:47+08:00 ] 127.0.0.1 /Home/User/login_check
INFO: [ app_begin ] --START--
INFO: Run Behavior\ReadHtmlCacheBehavior [ RunTime:0.000211s ]
INFO: [ app_begin ] --END-- [ RunTime:0.000373s ]
SQL: SHOW COLUMNS FROM `users` [ RunTime:0.0020s ]
SQL: SELECT * FROM `users` WHERE `username` = 'eric' AND `password` = '123456' LIMIT 1   [ RunTime:0.0002s ]
INFO: [ app_end ] --START--
INFO: Run Behavior\ShowPageTraceBehavior [ RunTime:0.000337s ]
INFO: [ app_end ] --END-- [ RunTime:0.000367s ]

[ 2016-05-27T21:12:49+08:00 ] 127.0.0.1 /Home/User/logout_check
INFO: [ app_begin ] --START--
INFO: Run Behavior\ReadHtmlCacheBehavior [ RunTime:0.000228s ]
INFO: [ app_begin ] --END-- [ RunTime:0.000402s ]
INFO: [ app_end ] --START--
INFO: Run Behavior\ShowPageTraceBehavior [ RunTime:0.000215s ]
INFO: [ app_end ] --END-- [ RunTime:0.000239s ]

[ 2016-05-27T21:12:53+08:00 ] 127.0.0.1 /Home/User/login_check
INFO: [ app_begin ] --START--
INFO: Run Behavior\ReadHtmlCacheBehavior [ RunTime:0.000211s ]
INFO: [ app_begin ] --END-- [ RunTime:0.000370s ]
SQL: SHOW COLUMNS FROM `users` [ RunTime:0.0094s ]
SQL: SELECT * FROM `users` WHERE `username` = 'eric' AND `password` = '123456' LIMIT 1   [ RunTime:0.0007s ]
INFO: [ app_end ] --START--
INFO: Run Behavior\ShowPageTraceBehavior [ RunTime:0.000572s ]
INFO: [ app_end ] --END-- [ RunTime:0.000632s ]

[ 2016-05-27T21:13:25+08:00 ] 127.0.0.1 /Home/User/logout_check
INFO: [ app_begin ] --START--
INFO: Run Behavior\ReadHtmlCacheBehavior [ RunTime:0.000238s ]
INFO: [ app_begin ] --END-- [ RunTime:0.000413s ]
INFO: [ app_end ] --START--
INFO: Run Behavior\ShowPageTraceBehavior [ RunTime:0.000244s ]
INFO: [ app_end ] --END-- [ RunTime:0.000271s ]

[ 2016-05-27T21:13:27+08:00 ] 127.0.0.1 /Home/User/login_check
INFO: [ app_begin ] --START--
INFO: Run Behavior\ReadHtmlCacheBehavior [ RunTime:0.000217s ]
INFO: [ app_begin ] --END-- [ RunTime:0.000380s ]
SQL: SHOW COLUMNS FROM `users` [ RunTime:0.0090s ]
SQL: SELECT * FROM `users` WHERE `username` = 'eric' AND `password` = '123456' LIMIT 1   [ RunTime:0.0002s ]
INFO: [ app_end ] --START--
INFO: Run Behavior\ShowPageTraceBehavior [ RunTime:0.000399s ]
INFO: [ app_end ] --END-- [ RunTime:0.000443s ]

[ 2016-05-27T21:13:29+08:00 ] 127.0.0.1 /Home/User/logout_check
INFO: [ app_begin ] --START--
INFO: Run Behavior\ReadHtmlCacheBehavior [ RunTime:0.000230s ]
INFO: [ app_begin ] --END-- [ RunTime:0.000404s ]
INFO: [ app_end ] --START--
INFO: Run Behavior\ShowPageTraceBehavior [ RunTime:0.000239s ]
INFO: [ app_end ] --END-- [ RunTime:0.000266s ]

[ 2016-05-27T21:13:31+08:00 ] 127.0.0.1 /Home/User/login_check
INFO: [ app_begin ] --START--
INFO: Run Behavior\ReadHtmlCacheBehavior [ RunTime:0.000229s ]
INFO: [ app_begin ] --END-- [ RunTime:0.000405s ]
SQL: SHOW COLUMNS FROM `users` [ RunTime:0.0091s ]
SQL: SELECT * FROM `users` WHERE `username` = 'ericd' AND `password` = '123456' LIMIT 1   [ RunTime:0.0003s ]
INFO: [ app_end ] --START--
INFO: Run Behavior\ShowPageTraceBehavior [ RunTime:0.000462s ]
INFO: [ app_end ] --END-- [ RunTime:0.000497s ]

[ 2016-05-27T21:13:34+08:00 ] 127.0.0.1 /Home/User/login_check
INFO: [ app_begin ] --START--
INFO: Run Behavior\ReadHtmlCacheBehavior [ RunTime:0.000246s ]
INFO: [ app_begin ] --END-- [ RunTime:0.000436s ]
SQL: SHOW COLUMNS FROM `users` [ RunTime:0.0091s ]
SQL: SELECT * FROM `users` WHERE `username` = 'eric' AND `password` = '123456' LIMIT 1   [ RunTime:0.0004s ]
INFO: [ app_end ] --START--
INFO: Run Behavior\ShowPageTraceBehavior [ RunTime:0.000483s ]
INFO: [ app_end ] --END-- [ RunTime:0.000528s ]

[ 2016-05-27T22:07:42+08:00 ] 127.0.0.1 /Home/User/logout_check
INFO: [ app_begin ] --START--
INFO: Run Behavior\ReadHtmlCacheBehavior [ RunTime:0.000220s ]
INFO: [ app_begin ] --END-- [ RunTime:0.000415s ]
INFO: [ app_end ] --START--
INFO: Run Behavior\ShowPageTraceBehavior [ RunTime:0.000594s ]
INFO: [ app_end ] --END-- [ RunTime:0.000655s ]

[ 2016-05-27T22:07:45+08:00 ] 127.0.0.1 /Home/User/login_check
INFO: [ app_begin ] --START--
INFO: Run Behavior\ReadHtmlCacheBehavior [ RunTime:0.000235s ]
INFO: [ app_begin ] --END-- [ RunTime:0.000412s ]
SQL: SHOW COLUMNS FROM `users` [ RunTime:0.0012s ]
SQL: SELECT * FROM `users` WHERE `username` = 'eric' AND `password` = '123456' LIMIT 1   [ RunTime:0.0002s ]
INFO: [ app_end ] --START--
INFO: Run Behavior\ShowPageTraceBehavior [ RunTime:0.000340s ]
INFO: [ app_end ] --END-- [ RunTime:0.000372s ]

[ 2016-05-27T22:07:51+08:00 ] 127.0.0.1 /Home/User/logout_check
INFO: [ app_begin ] --START--
INFO: Run Behavior\ReadHtmlCacheBehavior [ RunTime:0.000239s ]
INFO: [ app_begin ] --END-- [ RunTime:0.000416s ]
INFO: [ app_end ] --START--
INFO: Run Behavior\ShowPageTraceBehavior [ RunTime:0.000251s ]
INFO: [ app_end ] --END-- [ RunTime:0.000279s ]

[ 2016-05-27T22:23:36+08:00 ] 127.0.0.1 /Home/Index/submit
ERR: 1364:Field 'reservation_time' doesn't have a default value
 [ SQL语句 ] : INSERT INTO `reservation` (`meeting_date`,`start_time`,`end_time`,`operator`,`operator_contact`,`meeting_theme`,`meeting_dept`,`meeting_num`,`multimedia`,`operator_username`,`room_no`) VALUES ('1','1','1','1','1','1','1','1','1','1','1')

[ 2016-05-27T22:26:10+08:00 ] 127.0.0.1 /Home/Index/submit
ERR: 1292:Incorrect date value: '1' for column 'meeting_date' at row 1
 [ SQL语句 ] : INSERT INTO `reservation` (`meeting_date`,`start_time`,`end_time`,`operator`,`operator_contact`,`meeting_theme`,`meeting_dept`,`meeting_num`,`multimedia`,`operator_username`,`room_no`,`reservation_time`) VALUES ('1','1','1','1','1','1','1','1','1','1','1','2016-05-27 22:26:10')

[ 2016-05-27T22:27:10+08:00 ] 127.0.0.1 /Home/Index/submit
ERR: 1292:Incorrect date value: '1' for column 'meeting_date' at row 1
 [ SQL语句 ] : INSERT INTO `reservation` (`meeting_date`,`start_time`,`end_time`,`operator`,`operator_contact`,`meeting_theme`,`meeting_dept`,`meeting_num`,`multimedia`,`operator_username`,`room_no`,`reservation_time`) VALUES ('1','1','1','1','1','1','1','1','1','1','1','2016-05-27 22:27:10')

[ 2016-05-27T22:34:53+08:00 ] 127.0.0.1 /Home/User/login_check
INFO: [ app_begin ] --START--
INFO: Run Behavior\ReadHtmlCacheBehavior [ RunTime:0.000246s ]
INFO: [ app_begin ] --END-- [ RunTime:0.000431s ]
SQL: SHOW COLUMNS FROM `users` [ RunTime:0.0011s ]
SQL: SELECT * FROM `users` WHERE `username` = 'eric' AND `password` = '123456' LIMIT 1   [ RunTime:0.0003s ]
INFO: [ app_end ] --START--
INFO: Run Behavior\ShowPageTraceBehavior [ RunTime:0.000356s ]
INFO: [ app_end ] --END-- [ RunTime:0.000386s ]

[ 2016-05-27T22:35:15+08:00 ] 127.0.0.1 /Home/Index/submit
INFO: [ app_begin ] --START--
INFO: Run Behavior\ReadHtmlCacheBehavior [ RunTime:0.000420s ]
INFO: [ app_begin ] --END-- [ RunTime:0.000747s ]
SQL: SHOW COLUMNS FROM `reservation` [ RunTime:0.0012s ]
NOTIC: [8] Undefined index: validate /Library/WebServer/Documents/meeting/ThinkPHP/Library/Think/Model.class.php 第 1185 行.
NOTIC: [8] Undefined index: auto /Library/WebServer/Documents/meeting/ThinkPHP/Library/Think/Model.class.php 第 1128 行.
SQL: INSERT INTO `reservation` (`start_time`,`end_time`,`operator`,`operator_contact`,`meeting_theme`,`meeting_dept`,`meeting_num`,`multimedia`,`operator_username`,`meeting_date`,`room_no`,`reservation_time`) VALUES ('08:30','09:30','erci','hj','hd','dd','12','1','eda','2016-05-09','1','2016-05-27 22:35:15') [ RunTime:0.0021s ]
INFO: [ app_end ] --START--
INFO: Run Behavior\ShowPageTraceBehavior [ RunTime:0.000380s ]
INFO: [ app_end ] --END-- [ RunTime:0.000415s ]

[ 2016-05-27T22:40:59+08:00 ] 127.0.0.1 /Home/Index/submit
INFO: [ app_begin ] --START--
INFO: Run Behavior\ReadHtmlCacheBehavior [ RunTime:0.000212s ]
INFO: [ app_begin ] --END-- [ RunTime:0.000370s ]
SQL: SHOW COLUMNS FROM `reservation` [ RunTime:0.0095s ]
NOTIC: [8] Undefined index: validate /Library/WebServer/Documents/meeting/ThinkPHP/Library/Think/Model.class.php 第 1185 行.
NOTIC: [8] Undefined index: auto /Library/WebServer/Documents/meeting/ThinkPHP/Library/Think/Model.class.php 第 1128 行.
SQL: INSERT INTO `reservation` (`start_time`,`end_time`,`operator`,`operator_contact`,`meeting_theme`,`meeting_dept`,`meeting_num`,`multimedia`,`operator_username`,`meeting_date`,`room_no`,`reservation_time`) VALUES ('09:00','09:00','ds','fd','d','1','21','1','eda','2016-05-09','1','2016-05-27 22:40:59') [ RunTime:0.0008s ]
INFO: [ app_end ] --START--
INFO: Run Behavior\ShowPageTraceBehavior [ RunTime:0.000553s ]
INFO: [ app_end ] --END-- [ RunTime:0.000600s ]

[ 2016-05-27T22:41:03+08:00 ] 127.0.0.1 /Home/Index/submit
INFO: [ app_begin ] --START--
INFO: Run Behavior\ReadHtmlCacheBehavior [ RunTime:0.000230s ]
INFO: [ app_begin ] --END-- [ RunTime:0.000404s ]
SQL: SHOW COLUMNS FROM `reservation` [ RunTime:0.0094s ]
NOTIC: [8] Undefined index: validate /Library/WebServer/Documents/meeting/ThinkPHP/Library/Think/Model.class.php 第 1185 行.
NOTIC: [8] Undefined index: auto /Library/WebServer/Documents/meeting/ThinkPHP/Library/Think/Model.class.php 第 1128 行.
SQL: INSERT INTO `reservation` (`start_time`,`end_time`,`operator`,`operator_contact`,`meeting_theme`,`meeting_dept`,`meeting_num`,`multimedia`,`operator_username`,`meeting_date`,`room_no`,`reservation_time`) VALUES ('09:00','10:30','ds','fd','d','1','21','1','eda','2016-05-09','1','2016-05-27 22:41:03') [ RunTime:0.0007s ]
INFO: [ app_end ] --START--
INFO: Run Behavior\ShowPageTraceBehavior [ RunTime:0.000561s ]
INFO: [ app_end ] --END-- [ RunTime:0.000622s ]

[ 2016-05-27T22:44:01+08:00 ] 127.0.0.1 /Home/Index/submit
INFO: [ app_begin ] --START--
INFO: Run Behavior\ReadHtmlCacheBehavior [ RunTime:0.000224s ]
INFO: [ app_begin ] --END-- [ RunTime:0.000392s ]
SQL: SHOW COLUMNS FROM `reservation` [ RunTime:0.0011s ]
NOTIC: [8] Undefined index: validate /Library/WebServer/Documents/meeting/ThinkPHP/Library/Think/Model.class.php 第 1185 行.
NOTIC: [8] Undefined index: auto /Library/WebServer/Documents/meeting/ThinkPHP/Library/Think/Model.class.php 第 1128 行.
SQL: INSERT INTO `reservation` (`start_time`,`end_time`,`operator`,`operator_contact`,`meeting_theme`,`meeting_dept`,`meeting_num`,`multimedia`,`operator_username`,`meeting_date`,`room_no`,`reservation_time`) VALUES ('08:45','16:00','ds','12','d','1','21','1','eda','2016-05-09','1','2016-05-27 22:44:01') [ RunTime:0.0004s ]
INFO: [ app_end ] --START--
INFO: Run Behavior\ShowPageTraceBehavior [ RunTime:0.000346s ]
INFO: [ app_end ] --END-- [ RunTime:0.000381s ]

[ 2016-05-27T22:47:11+08:00 ] 127.0.0.1 /Home/Index/submit
INFO: [ app_begin ] --START--
INFO: Run Behavior\ReadHtmlCacheBehavior [ RunTime:0.000228s ]
INFO: [ app_begin ] --END-- [ RunTime:0.000402s ]
SQL: SHOW COLUMNS FROM `reservation` [ RunTime:0.0092s ]
NOTIC: [8] Undefined index: validate /Library/WebServer/Documents/meeting/ThinkPHP/Library/Think/Model.class.php 第 1185 行.
NOTIC: [8] Undefined index: auto /Library/WebServer/Documents/meeting/ThinkPHP/Library/Think/Model.class.php 第 1128 行.
SQL: INSERT INTO `reservation` (`start_time`,`end_time`,`operator`,`operator_contact`,`meeting_theme`,`meeting_dept`,`meeting_num`,`multimedia`,`operator_username`,`meeting_date`,`room_no`,`reservation_time`) VALUES ('08:15','08:45','s','s','s','s','12','1','eda','2016-05-09','1','2016-05-27 22:47:11') [ RunTime:0.0009s ]
INFO: [ app_end ] --START--
INFO: Run Behavior\ShowPageTraceBehavior [ RunTime:0.000576s ]
INFO: [ app_end ] --END-- [ RunTime:0.000630s ]

[ 2016-05-27T22:49:11+08:00 ] 127.0.0.1 /Home/Index/submit
INFO: [ app_begin ] --START--
INFO: Run Behavior\ReadHtmlCacheBehavior [ RunTime:0.000222s ]
INFO: [ app_begin ] --END-- [ RunTime:0.000387s ]
SQL: SHOW COLUMNS FROM `reservation` [ RunTime:0.0017s ]
NOTIC: [8] Undefined index: validate /Library/WebServer/Documents/meeting/ThinkPHP/Library/Think/Model.class.php 第 1185 行.
NOTIC: [8] Undefined index: auto /Library/WebServer/Documents/meeting/ThinkPHP/Library/Think/Model.class.php 第 1128 行.
SQL: INSERT INTO `reservation` (`start_time`,`end_time`,`operator`,`operator_contact`,`meeting_theme`,`meeting_dept`,`meeting_num`,`multimedia`,`operator_username`,`meeting_date`,`room_no`,`reservation_time`) VALUES ('08:30','09:15','ds','sd','2e','1','1','1','eda','2016-05-09','1','2016-05-27 22:49:11') [ RunTime:0.0012s ]
INFO: [ app_end ] --START--
INFO: Run Behavior\ShowPageTraceBehavior [ RunTime:0.000426s ]
INFO: [ app_end ] --END-- [ RunTime:0.000514s ]

